Feb 07 2023 13:54:41
{"Number":8192,"Message":"rtrim(): Passing null to parameter #1 ($string) of type string is deprecated","File":"\/Users\/tony\/Local Sites\/3tone\/app\/public\/wp-includes\/formatting.php","Line":2785}

Feb 07 2023 13:54:41
{"Number":8192,"Message":"rtrim(): Passing null to parameter #1 ($string) of type string is deprecated","File":"\/Users\/tony\/Local Sites\/3tone\/app\/public\/wp-includes\/formatting.php","Line":2785}

Feb 07 2023 13:54:41
{"Number":8192,"Message":"rtrim(): Passing null to parameter #1 ($string) of type string is deprecated","File":"\/Users\/tony\/Local Sites\/3tone\/app\/public\/wp-includes\/formatting.php","Line":2785}

Feb 07 2023 13:54:41
{"Number":8192,"Message":"rtrim(): Passing null to parameter #1 ($string) of type string is deprecated","File":"\/Users\/tony\/Local Sites\/3tone\/app\/public\/wp-includes\/formatting.php","Line":2785}

Feb 07 2023 13:54:41
{"Number":8192,"Message":"rtrim(): Passing null to parameter #1 ($string) of type string is deprecated","File":"\/Users\/tony\/Local Sites\/3tone\/app\/public\/wp-includes\/formatting.php","Line":2785}

Feb 07 2023 13:54:41
{"Number":8192,"Message":"rtrim(): Passing null to parameter #1 ($string) of type string is deprecated","File":"\/Users\/tony\/Local Sites\/3tone\/app\/public\/wp-includes\/formatting.php","Line":2785}

Feb 07 2023 13:54:41
{"Number":8192,"Message":"rtrim(): Passing null to parameter #1 ($string) of type string is deprecated","File":"\/Users\/tony\/Local Sites\/3tone\/app\/public\/wp-includes\/formatting.php","Line":2785}

Feb 07 2023 13:54:41
{"Number":8192,"Message":"rtrim(): Passing null to parameter #1 ($string) of type string is deprecated","File":"\/Users\/tony\/Local Sites\/3tone\/app\/public\/wp-includes\/formatting.php","Line":2785}

Feb 07 2023 13:54:41
{"Number":8192,"Message":"rtrim(): Passing null to parameter #1 ($string) of type string is deprecated","File":"\/Users\/tony\/Local Sites\/3tone\/app\/public\/wp-includes\/formatting.php","Line":2785}

Feb 07 2023 13:54:41
{"Number":8192,"Message":"rtrim(): Passing null to parameter #1 ($string) of type string is deprecated","File":"\/Users\/tony\/Local Sites\/3tone\/app\/public\/wp-includes\/formatting.php","Line":2785}

Feb 07 2023 13:54:41
{"Number":8192,"Message":"rtrim(): Passing null to parameter #1 ($string) of type string is deprecated","File":"\/Users\/tony\/Local Sites\/3tone\/app\/public\/wp-includes\/formatting.php","Line":2785}

Feb 07 2023 13:54:41
{"Number":8192,"Message":"rtrim(): Passing null to parameter #1 ($string) of type string is deprecated","File":"\/Users\/tony\/Local Sites\/3tone\/app\/public\/wp-includes\/formatting.php","Line":2785}

Feb 07 2023 13:54:41
{"Number":8192,"Message":"rtrim(): Passing null to parameter #1 ($string) of type string is deprecated","File":"\/Users\/tony\/Local Sites\/3tone\/app\/public\/wp-includes\/formatting.php","Line":2785}

Feb 07 2023 13:54:41
{"Number":8192,"Message":"rtrim(): Passing null to parameter #1 ($string) of type string is deprecated","File":"\/Users\/tony\/Local Sites\/3tone\/app\/public\/wp-includes\/formatting.php","Line":2785}

Feb 07 2023 13:54:41
{"Number":8192,"Message":"rtrim(): Passing null to parameter #1 ($string) of type string is deprecated","File":"\/Users\/tony\/Local Sites\/3tone\/app\/public\/wp-includes\/formatting.php","Line":2785}

Feb 07 2023 13:54:41
{"Number":8192,"Message":"rtrim(): Passing null to parameter #1 ($string) of type string is deprecated","File":"\/Users\/tony\/Local Sites\/3tone\/app\/public\/wp-includes\/formatting.php","Line":2785}

Feb 07 2023 13:54:41
{"Number":8192,"Message":"rtrim(): Passing null to parameter #1 ($string) of type string is deprecated","File":"\/Users\/tony\/Local Sites\/3tone\/app\/public\/wp-includes\/formatting.php","Line":2785}

Feb 07 2023 13:54:41
{"Number":8192,"Message":"rtrim(): Passing null to parameter #1 ($string) of type string is deprecated","File":"\/Users\/tony\/Local Sites\/3tone\/app\/public\/wp-includes\/formatting.php","Line":2785}

Feb 07 2023 13:54:41
{"Number":8192,"Message":"rtrim(): Passing null to parameter #1 ($string) of type string is deprecated","File":"\/Users\/tony\/Local Sites\/3tone\/app\/public\/wp-includes\/formatting.php","Line":2785}

Feb 07 2023 13:54:41
{"Number":8192,"Message":"rtrim(): Passing null to parameter #1 ($string) of type string is deprecated","File":"\/Users\/tony\/Local Sites\/3tone\/app\/public\/wp-includes\/formatting.php","Line":2785}

Feb 07 2023 13:54:41
{"Number":8192,"Message":"rtrim(): Passing null to parameter #1 ($string) of type string is deprecated","File":"\/Users\/tony\/Local Sites\/3tone\/app\/public\/wp-includes\/formatting.php","Line":2785}

Feb 07 2023 13:54:41
{"Number":8192,"Message":"rtrim(): Passing null to parameter #1 ($string) of type string is deprecated","File":"\/Users\/tony\/Local Sites\/3tone\/app\/public\/wp-includes\/formatting.php","Line":2785}

Feb 07 2023 13:54:41
{"Number":8192,"Message":"rtrim(): Passing null to parameter #1 ($string) of type string is deprecated","File":"\/Users\/tony\/Local Sites\/3tone\/app\/public\/wp-includes\/formatting.php","Line":2785}

Feb 07 2023 13:54:41
{"Number":8192,"Message":"rtrim(): Passing null to parameter #1 ($string) of type string is deprecated","File":"\/Users\/tony\/Local Sites\/3tone\/app\/public\/wp-includes\/formatting.php","Line":2785}

Feb 07 2023 13:54:41
{"Number":8192,"Message":"rtrim(): Passing null to parameter #1 ($string) of type string is deprecated","File":"\/Users\/tony\/Local Sites\/3tone\/app\/public\/wp-includes\/formatting.php","Line":2785}

Feb 07 2023 13:54:41
{"Number":8192,"Message":"rtrim(): Passing null to parameter #1 ($string) of type string is deprecated","File":"\/Users\/tony\/Local Sites\/3tone\/app\/public\/wp-includes\/formatting.php","Line":2785}

Feb 07 2023 13:54:41
{"Number":8192,"Message":"rtrim(): Passing null to parameter #1 ($string) of type string is deprecated","File":"\/Users\/tony\/Local Sites\/3tone\/app\/public\/wp-includes\/formatting.php","Line":2785}

Feb 07 2023 13:54:41
{"Number":8192,"Message":"rtrim(): Passing null to parameter #1 ($string) of type string is deprecated","File":"\/Users\/tony\/Local Sites\/3tone\/app\/public\/wp-includes\/formatting.php","Line":2785}

Feb 07 2023 13:54:41
{"Number":8192,"Message":"rtrim(): Passing null to parameter #1 ($string) of type string is deprecated","File":"\/Users\/tony\/Local Sites\/3tone\/app\/public\/wp-includes\/formatting.php","Line":2785}

Feb 07 2023 13:54:41
{"Number":8192,"Message":"rtrim(): Passing null to parameter #1 ($string) of type string is deprecated","File":"\/Users\/tony\/Local Sites\/3tone\/app\/public\/wp-includes\/formatting.php","Line":2785}

Feb 07 2023 13:54:41
{"Number":8192,"Message":"rtrim(): Passing null to parameter #1 ($string) of type string is deprecated","File":"\/Users\/tony\/Local Sites\/3tone\/app\/public\/wp-includes\/formatting.php","Line":2785}

Feb 07 2023 13:54:41
{"Number":8192,"Message":"rtrim(): Passing null to parameter #1 ($string) of type string is deprecated","File":"\/Users\/tony\/Local Sites\/3tone\/app\/public\/wp-includes\/formatting.php","Line":2785}

Feb 07 2023 13:54:41
{"Number":8192,"Message":"rtrim(): Passing null to parameter #1 ($string) of type string is deprecated","File":"\/Users\/tony\/Local Sites\/3tone\/app\/public\/wp-includes\/formatting.php","Line":2785}

Feb 07 2023 13:54:41
{"Number":8192,"Message":"rtrim(): Passing null to parameter #1 ($string) of type string is deprecated","File":"\/Users\/tony\/Local Sites\/3tone\/app\/public\/wp-includes\/formatting.php","Line":2785}

Feb 07 2023 13:54:41
{"Number":8192,"Message":"rtrim(): Passing null to parameter #1 ($string) of type string is deprecated","File":"\/Users\/tony\/Local Sites\/3tone\/app\/public\/wp-includes\/formatting.php","Line":2785}

Feb 07 2023 13:54:41
{"Number":8192,"Message":"rtrim(): Passing null to parameter #1 ($string) of type string is deprecated","File":"\/Users\/tony\/Local Sites\/3tone\/app\/public\/wp-includes\/formatting.php","Line":2785}

Feb 07 2023 13:54:44
{"Number":8192,"Message":"Return type of Requests_Cookie_Jar::offsetExists($key) should either be compatible with ArrayAccess::offsetExists(mixed $offset): bool, or the #[\\ReturnTypeWillChange] attribute should be used to temporarily suppress the notice","File":"\/Users\/tony\/Local Sites\/3tone\/app\/public\/wp-includes\/Requests\/Cookie\/Jar.php","Line":63}

Feb 07 2023 13:54:44
{"Number":8192,"Message":"Return type of Requests_Cookie_Jar::offsetGet($key) should either be compatible with ArrayAccess::offsetGet(mixed $offset): mixed, or the #[\\ReturnTypeWillChange] attribute should be used to temporarily suppress the notice","File":"\/Users\/tony\/Local Sites\/3tone\/app\/public\/wp-includes\/Requests\/Cookie\/Jar.php","Line":73}

Feb 07 2023 13:54:44
{"Number":8192,"Message":"Return type of Requests_Cookie_Jar::offsetSet($key, $value) should either be compatible with ArrayAccess::offsetSet(mixed $offset, mixed $value): void, or the #[\\ReturnTypeWillChange] attribute should be used to temporarily suppress the notice","File":"\/Users\/tony\/Local Sites\/3tone\/app\/public\/wp-includes\/Requests\/Cookie\/Jar.php","Line":89}

Feb 07 2023 13:54:44
{"Number":8192,"Message":"Return type of Requests_Cookie_Jar::offsetUnset($key) should either be compatible with ArrayAccess::offsetUnset(mixed $offset): void, or the #[\\ReturnTypeWillChange] attribute should be used to temporarily suppress the notice","File":"\/Users\/tony\/Local Sites\/3tone\/app\/public\/wp-includes\/Requests\/Cookie\/Jar.php","Line":102}

Feb 07 2023 13:54:44
{"Number":8192,"Message":"Return type of Requests_Cookie_Jar::getIterator() should either be compatible with IteratorAggregate::getIterator(): Traversable, or the #[\\ReturnTypeWillChange] attribute should be used to temporarily suppress the notice","File":"\/Users\/tony\/Local Sites\/3tone\/app\/public\/wp-includes\/Requests\/Cookie\/Jar.php","Line":111}

Feb 07 2023 13:54:44
{"Number":8192,"Message":"http_build_query(): Passing null to parameter #2 ($numeric_prefix) of type string is deprecated","File":"\/Users\/tony\/Local Sites\/3tone\/app\/public\/wp-includes\/Requests\/Transport\/cURL.php","Line":345}

Feb 07 2023 13:54:44
{"Number":8192,"Message":"Return type of Requests_Utility_CaseInsensitiveDictionary::offsetExists($key) should either be compatible with ArrayAccess::offsetExists(mixed $offset): bool, or the #[\\ReturnTypeWillChange] attribute should be used to temporarily suppress the notice","File":"\/Users\/tony\/Local Sites\/3tone\/app\/public\/wp-includes\/Requests\/Utility\/CaseInsensitiveDictionary.php","Line":40}

Feb 07 2023 13:54:44
{"Number":8192,"Message":"Return type of Requests_Utility_CaseInsensitiveDictionary::offsetGet($key) should either be compatible with ArrayAccess::offsetGet(mixed $offset): mixed, or the #[\\ReturnTypeWillChange] attribute should be used to temporarily suppress the notice","File":"\/Users\/tony\/Local Sites\/3tone\/app\/public\/wp-includes\/Requests\/Utility\/CaseInsensitiveDictionary.php","Line":51}

Feb 07 2023 13:54:44
{"Number":8192,"Message":"Return type of Requests_Utility_CaseInsensitiveDictionary::offsetSet($key, $value) should either be compatible with ArrayAccess::offsetSet(mixed $offset, mixed $value): void, or the #[\\ReturnTypeWillChange] attribute should be used to temporarily suppress the notice","File":"\/Users\/tony\/Local Sites\/3tone\/app\/public\/wp-includes\/Requests\/Utility\/CaseInsensitiveDictionary.php","Line":68}

Feb 07 2023 13:54:44
{"Number":8192,"Message":"Return type of Requests_Utility_CaseInsensitiveDictionary::offsetUnset($key) should either be compatible with ArrayAccess::offsetUnset(mixed $offset): void, or the #[\\ReturnTypeWillChange] attribute should be used to temporarily suppress the notice","File":"\/Users\/tony\/Local Sites\/3tone\/app\/public\/wp-includes\/Requests\/Utility\/CaseInsensitiveDictionary.php","Line":82}

Feb 07 2023 13:54:44
{"Number":8192,"Message":"Return type of Requests_Utility_CaseInsensitiveDictionary::getIterator() should either be compatible with IteratorAggregate::getIterator(): Traversable, or the #[\\ReturnTypeWillChange] attribute should be used to temporarily suppress the notice","File":"\/Users\/tony\/Local Sites\/3tone\/app\/public\/wp-includes\/Requests\/Utility\/CaseInsensitiveDictionary.php","Line":91}

Feb 07 2023 13:54:47
{"type":8192,"message":"Constant FILTER_SANITIZE_STRING is deprecated","file":"\/Users\/tony\/Local Sites\/3tone\/app\/public\/wp-content\/plugins\/wordpress-seo\/src\/conditionals\/admin\/estimated-reading-time-conditional.php","line":47}

Feb 07 2023 13:54:48
{"type":8192,"message":"Constant FILTER_SANITIZE_STRING is deprecated","file":"\/Users\/tony\/Local Sites\/3tone\/app\/public\/wp-content\/plugins\/wordpress-seo\/src\/conditionals\/admin\/estimated-reading-time-conditional.php","line":47}

